#
# There is insufficient memory for the Java Runtime Environment to continue.
# Native memory allocation (mmap) failed to map 264241152 bytes. Error detail: G1 virtual space
# Possible reasons:
#   The system is out of physical RAM or swap space
#   This process is running with CompressedOops enabled, and the Java Heap may be blocking the growth of the native heap
# Possible solutions:
#   Reduce memory load on the system
#   Increase physical memory or swap space
#   Check if swap backing store is full
#   Decrease Java heap size (-Xmx/-Xms)
#   Decrease number of Java threads
#   Decrease Java thread stack sizes (-Xss)
#   Set larger code cache with -XX:ReservedCodeCacheSize=
#   JVM is running with Zero Based Compressed Oops mode in which the Java heap is
#     placed in the first 32GB address space. The Java Heap base address is the
#     maximum limit for the native heap growth. Please use -XX:HeapBaseMinAddress
#     to set the Java Heap base and to place the Java Heap above 32GB virtual address.
# This output file may be truncated or incomplete.
#
#  Out of Memory Error (os_windows.cpp:3618), pid=37684, tid=29448
#
# JRE version:  (17.0.18+8) (build )
# Java VM: OpenJDK 64-Bit Server VM (17.0.18+8, mixed mode, sharing, tiered, compressed oops, compressed class ptrs, g1 gc, windows-amd64)
# No core dump will be written. Minidumps are not enabled by default on client versions of Windows
#

---------------  S U M M A R Y ------------

Command Line: -Dfile.encoding=UTF-8 -Dstdout.encoding=UTF-8 -Dstderr.encoding=UTF-8 -XX:+ShowCodeDetailsInExceptionMessages Bank.Managment.System.signUp3

Host: 12th Gen Intel(R) Core(TM) i5-1235U, 12 cores, 15G,  Windows 11 , 64 bit Build 26100 (10.0.26100.8246)
Time: Wed Apr 15 22:24:29 2026 India Standard Time elapsed time: 1.073180 seconds (0d 0h 0m 1s)

---------------  T H R E A D  ---------------

Current thread (0x00000222f14c4950):  JavaThread "Unknown thread" [_thread_in_vm, id=29448, stack(0x00000041f8500000,0x00000041f8600000)]

Stack: [0x00000041f8500000,0x00000041f8600000]
Native frames: (J=compiled Java code, j=interpreted, Vv=VM code, C=native code)
V  [jvm.dll+0x6846f9]
V  [jvm.dll+0x839ea5]
V  [jvm.dll+0x83b91e]
V  [jvm.dll+0x83bfa3]
V  [jvm.dll+0x248eff]
V  [jvm.dll+0x6814b9]
V  [jvm.dll+0x6762ba]
V  [jvm.dll+0x309257]
V  [jvm.dll+0x310826]
V  [jvm.dll+0x360d9e]
V  [jvm.dll+0x360fdd]
V  [jvm.dll+0x2e02dc]
V  [jvm.dll+0x2e11e8]
V  [jvm.dll+0x80cd6b]
V  [jvm.dll+0x36ea21]
V  [jvm.dll+0x7eb945]
V  [jvm.dll+0x3f462b]
V  [jvm.dll+0x3f6111]
C  [jli.dll+0x52d0]
C  [ucrtbase.dll+0x37b0]
C  [KERNEL32.DLL+0x2e8d7]
C  [ntdll.dll+0x8c3fc]


---------------  P R O C E S S  ---------------

Threads class SMR info:
_java_thread_list=0x00007ffa9c077f58, length=0, elements={
}

Java Threads: ( => current thread )

Other Threads:
  0x00000222f1532ce0 GCTaskThread "GC Thread#0" [stack: 0x00000041f8600000,0x00000041f8700000] [id=29684]
  0x00000222f1543700 ConcurrentGCThread "G1 Main Marker" [stack: 0x00000041f8700000,0x00000041f8800000] [id=19752]
  0x00000222f1545140 ConcurrentGCThread "G1 Conc#0" [stack: 0x00000041f8800000,0x00000041f8900000] [id=29188]

[error occurred during error reporting (printing all threads), id 0xc0000005, EXCEPTION_ACCESS_VIOLATION (0xc0000005) at pc=0x00007ffa9b830e07]

VM state: not at safepoint (not fully initialized)

VM Mutex/Monitor currently owned by a thread:  ([mutex/lock_event])
[0x00000222f14c25e0] Heap_lock - owner thread: 0x00000222f14c4950

Heap address: 0x0000000705200000, size: 4014 MB, Compressed Oops mode: Zero based, Oop shift amount: 3

CDS archive(s) mapped at: [0x0000000000000000-0x0000000000000000-0x0000000000000000), size 0, SharedBaseAddress: 0x0000000800000000, ArchiveRelocationMode: 1.
Narrow klass base: 0x0000000000000000, Narrow klass shift: 0, Narrow klass range: 0x0

GC Precious Log:
<Empty>

Heap:
 garbage-first heap   total 0K, used 0K [0x0000000705200000, 0x0000000800000000)
  region size 2048K, 0 young (0K), 0 survivors (0K)

[error occurred during error reporting (printing heap information), id 0xc0000005, EXCEPTION_ACCESS_VIOLATION (0xc0000005) at pc=0x00007ffa9bc1dd09]

GC Heap History (0 events):
No events

Dll operation events (1 events):
Event: 0.007 Loaded shared library C:\Program Files\Eclipse Adoptium\jdk-17.0.18.8-hotspot\bin\java.dll

Deoptimization events (0 events):
No events

Classes loaded (0 events):
No events

Classes unloaded (0 events):
No events

Classes redefined (0 events):
No events

Internal exceptions (0 events):
No events

VM Operations (0 events):
No events

Memory protections (0 events):
No events

Nmethod flushes (0 events):
No events

Events (0 events):
No events


Dynamic libraries:
0x00007ff722280000 - 0x00007ff72228e000 	C:\Program Files\Eclipse Adoptium\jdk-17.0.18.8-hotspot\bin\javaw.exe
0x00007ffb7d0e0000 - 0x00007ffb7d347000 	C:\WINDOWS\SYSTEM32\ntdll.dll
0x00007ffb7b000000 - 0x00007ffb7b0c9000 	C:\WINDOWS\System32\KERNEL32.DLL
0x00007ffb7a5d0000 - 0x00007ffb7a9c4000 	C:\WINDOWS\System32\KERNELBASE.dll
0x00007ffb7ab30000 - 0x00007ffb7ac7b000 	C:\WINDOWS\System32\ucrtbase.dll
0x00007ffb47290000 - 0x00007ffb472a8000 	C:\Program Files\Eclipse Adoptium\jdk-17.0.18.8-hotspot\bin\jli.dll
0x00007ffb47270000 - 0x00007ffb4728e000 	C:\Program Files\Eclipse Adoptium\jdk-17.0.18.8-hotspot\bin\VCRUNTIME140.dll
0x00007ffb7b850000 - 0x00007ffb7ba15000 	C:\WINDOWS\System32\USER32.dll
0x00007ffb799b0000 - 0x00007ffb799d7000 	C:\WINDOWS\System32\win32u.dll
0x00007ffb5c070000 - 0x00007ffb5c303000 	C:\WINDOWS\WinSxS\amd64_microsoft.windows.common-controls_6595b64144ccf1df_6.0.26100.8115_none_3e075c82e3354f9c\COMCTL32.dll
0x00007ffb7b630000 - 0x00007ffb7b65b000 	C:\WINDOWS\System32\GDI32.dll
0x00007ffb7b360000 - 0x00007ffb7b409000 	C:\WINDOWS\System32\msvcrt.dll
0x00007ffb7ac80000 - 0x00007ffb7adab000 	C:\WINDOWS\System32\gdi32full.dll
0x00007ffb7aa80000 - 0x00007ffb7ab23000 	C:\WINDOWS\System32\msvcp_win.dll
0x00007ffb7b150000 - 0x00007ffb7b182000 	C:\WINDOWS\System32\IMM32.DLL
0x00007ffb5c960000 - 0x00007ffb5c96c000 	C:\Program Files\Eclipse Adoptium\jdk-17.0.18.8-hotspot\bin\vcruntime140_1.dll
0x00007ffb43d50000 - 0x00007ffb43ddd000 	C:\Program Files\Eclipse Adoptium\jdk-17.0.18.8-hotspot\bin\msvcp140.dll
0x00007ffa9b540000 - 0x00007ffa9c1ab000 	C:\Program Files\Eclipse Adoptium\jdk-17.0.18.8-hotspot\bin\server\jvm.dll
0x00007ffb7af40000 - 0x00007ffb7aff6000 	C:\WINDOWS\System32\ADVAPI32.dll
0x00007ffb7ae70000 - 0x00007ffb7af17000 	C:\WINDOWS\System32\sechost.dll
0x00007ffb7b410000 - 0x00007ffb7b528000 	C:\WINDOWS\System32\RPCRT4.dll
0x00007ffb7bc20000 - 0x00007ffb7bca0000 	C:\WINDOWS\System32\WS2_32.dll
0x00007ffb70810000 - 0x00007ffb70846000 	C:\WINDOWS\SYSTEM32\WINMM.dll
0x00007ffb79810000 - 0x00007ffb7986e000 	C:\WINDOWS\SYSTEM32\POWRPROF.dll
0x00007ffb68750000 - 0x00007ffb6875b000 	C:\WINDOWS\SYSTEM32\VERSION.dll
0x00007ffb797f0000 - 0x00007ffb79804000 	C:\WINDOWS\SYSTEM32\UMPDC.dll
0x00007ffb78740000 - 0x00007ffb7875b000 	C:\WINDOWS\SYSTEM32\kernel.appcore.dll
0x00007ffb5b1a0000 - 0x00007ffb5b1aa000 	C:\Program Files\Eclipse Adoptium\jdk-17.0.18.8-hotspot\bin\jimage.dll
0x00007ffb77b20000 - 0x00007ffb77d62000 	C:\WINDOWS\SYSTEM32\DBGHELP.DLL
0x00007ffb7ccc0000 - 0x00007ffb7d042000 	C:\WINDOWS\System32\combase.dll
0x00007ffb7b770000 - 0x00007ffb7b848000 	C:\WINDOWS\System32\OLEAUT32.dll
0x00007ffb591e0000 - 0x00007ffb5921b000 	C:\WINDOWS\SYSTEM32\dbgcore.DLL
0x00007ffb7a9d0000 - 0x00007ffb7aa75000 	C:\WINDOWS\System32\bcryptPrimitives.dll
0x00007ffb47240000 - 0x00007ffb47265000 	C:\Program Files\Eclipse Adoptium\jdk-17.0.18.8-hotspot\bin\java.dll

dbghelp: loaded successfully - version: 4.0.5 - missing functions: none
symbol engine: initialized successfully - sym options: 0x614 - pdb path: .;C:\Program Files\Eclipse Adoptium\jdk-17.0.18.8-hotspot\bin;C:\WINDOWS\SYSTEM32;C:\WINDOWS\WinSxS\amd64_microsoft.windows.common-controls_6595b64144ccf1df_6.0.26100.8115_none_3e075c82e3354f9c;C:\Program Files\Eclipse Adoptium\jdk-17.0.18.8-hotspot\bin\server

VM Arguments:
jvm_args: -Dfile.encoding=UTF-8 -Dstdout.encoding=UTF-8 -Dstderr.encoding=UTF-8 -XX:+ShowCodeDetailsInExceptionMessages 
java_command: Bank.Managment.System.signUp3
java_class_path (initial): C:\Users\Maneesha\eclipse-workspace\Bank Managment System\bin;C:\Users\Maneesha\Downloads\jcalendar-1.4.jar;C:\Users\Maneesha\OneDrive\Desktop\mysql-connector-java-8.0.19.jar
Launcher Type: SUN_STANDARD

[Global flags]
     intx CICompilerCount                          = 4                                         {product} {ergonomic}
     uint ConcGCThreads                            = 3                                         {product} {ergonomic}
     uint G1ConcRefinementThreads                  = 10                                        {product} {ergonomic}
   size_t G1HeapRegionSize                         = 2097152                                   {product} {ergonomic}
    uintx GCDrainStackTargetSize                   = 64                                        {product} {ergonomic}
   size_t InitialHeapSize                          = 264241152                                 {product} {ergonomic}
   size_t MarkStackSize                            = 4194304                                   {product} {ergonomic}
   size_t MaxHeapSize                              = 4208984064                                {product} {ergonomic}
   size_t MinHeapDeltaBytes                        = 2097152                                   {product} {ergonomic}
   size_t MinHeapSize                              = 8388608                                   {product} {ergonomic}
    uintx NonNMethodCodeHeapSize                   = 5839372                                {pd product} {ergonomic}
    uintx NonProfiledCodeHeapSize                  = 122909434                              {pd product} {ergonomic}
    uintx ProfiledCodeHeapSize                     = 122909434                              {pd product} {ergonomic}
    uintx ReservedCodeCacheSize                    = 251658240                              {pd product} {ergonomic}
     bool SegmentedCodeCache                       = true                                      {product} {ergonomic}
     bool ShowCodeDetailsInExceptionMessages       = true                                   {manageable} {command line}
   size_t SoftMaxHeapSize                          = 4208984064                             {manageable} {ergonomic}
     bool UseCompressedClassPointers               = true                           {product lp64_product} {ergonomic}
     bool UseCompressedOops                        = true                           {product lp64_product} {ergonomic}
     bool UseG1GC                                  = true                                      {product} {ergonomic}
     bool UseLargePagesIndividualAllocation        = false                                  {pd product} {ergonomic}

Logging:
Log output configuration:
 #0: stdout all=warning uptime,level,tags
 #1: stderr all=off uptime,level,tags

Environment Variables:
PATH=C:/Users/Maneesha/.p2/pool/plugins/org.eclipse.justj.openjdk.hotspot.jre.full.win32.x86_64_21.0.10.v20260205-0638/jre/bin/server;C:/Users/Maneesha/.p2/pool/plugins/org.eclipse.justj.openjdk.hotspot.jre.full.win32.x86_64_21.0.10.v20260205-0638/jre/bin;C:\Program Files\Eclipse Adoptium\jdk-17.0.18.8-hotspot\bin;D:\oracle\product\10.2.0\db_1\bin;C:\WINDOWS\system32;C:\WINDOWS;C:\WINDOWS\System32\Wbem;C:\WINDOWS\System32\WindowsPowerShell\v1.0\;C:\WINDOWS\System32\OpenSSH\;C:\Program Files\nodejs\;C:\Program Files\Java\jdk1.8.0_201\bin;C:\Program Files\PuTTY\;C:\Program Files\Amazon\AWSCLIV2\;C:\Users\Maneesha\AppData\Local\Programs\Python\Launcher\;C:\Users\Maneesha\AppData\Local\Microsoft\WindowsApps;C:\Users\Maneesha\AppData\Roaming\npm;C:\Users\Maneesha\OneDrive\Desktop;
USERNAME=Maneesha
OS=Windows_NT
PROCESSOR_IDENTIFIER=Intel64 Family 6 Model 154 Stepping 4, GenuineIntel
TMP=C:\Users\Maneesha\AppData\Local\Temp
TEMP=C:\Users\Maneesha\AppData\Local\Temp



Periodic native trim disabled


---------------  S Y S T E M  ---------------

OS:
 Windows 11 , 64 bit Build 26100 (10.0.26100.8246)
OS uptime: 0 days 12:17 hours
Hyper-V role detected

CPU: total 12 (initial active 12) (6 cores per cpu, 2 threads per core) family 6 model 154 stepping 4 microcode 0x42c, cx8, cmov, fxsr, ht, mmx, 3dnowpref, sse, sse2, sse3, ssse3, sse4.1, sse4.2, popcnt, lzcnt, tsc, tscinvbit, avx, avx2, aes, erms, clmul, bmi1, bmi2, adx, sha, fma, vzeroupper, clflush, clflushopt, clwb, hv
Processor Information for processor 0
  Max Mhz: 1300, Current Mhz: 1300, Mhz Limit: 1300
Processor Information for processor 1
  Max Mhz: 1300, Current Mhz: 1300, Mhz Limit: 1300
Processor Information for processor 2
  Max Mhz: 1300, Current Mhz: 1300, Mhz Limit: 1300
Processor Information for processor 3
  Max Mhz: 1300, Current Mhz: 1300, Mhz Limit: 1300
Processor Information for processor 4
  Max Mhz: 1300, Current Mhz: 900, Mhz Limit: 897
Processor Information for processor 5
  Max Mhz: 1300, Current Mhz: 900, Mhz Limit: 897
Processor Information for processor 6
  Max Mhz: 1300, Current Mhz: 900, Mhz Limit: 897
Processor Information for processor 7
  Max Mhz: 1300, Current Mhz: 900, Mhz Limit: 897
Processor Information for processor 8
  Max Mhz: 1300, Current Mhz: 900, Mhz Limit: 897
Processor Information for processor 9
  Max Mhz: 1300, Current Mhz: 900, Mhz Limit: 897
Processor Information for processor 10
  Max Mhz: 1300, Current Mhz: 900, Mhz Limit: 897
Processor Information for processor 11
  Max Mhz: 1300, Current Mhz: 900, Mhz Limit: 897

Memory: 4k page, system-wide physical 16052M (2114M free)
TotalPageFile size 45617M (AvailPageFile size 184M)
current process WorkingSet (physical memory assigned to process): 12M, peak: 12M
current process commit charge ("private bytes"): 64M, peak: 316M

vm_info: OpenJDK 64-Bit Server VM (17.0.18+8) for windows-amd64 JRE (17.0.18+8), built on Jan 20 2026 22:28:22 by "admin" with MS VC++ 17.12 (VS2022)

END.
